app/build/intermediates/manifest_merge_blame_file/debug/manifest-merger-blame-debug-report.txt
1<?xml version="1.0" encoding="utf-8"?>
2<manifest xmlns:android="http://schemas.android.com/apk/res/android"
3    package="com.projects.enzoftware.metalball"
4    android:versionCode="1"
5    android:versionName="1.0" >
6
7    <uses-sdk
8        android:minSdkVersion="19"
9        android:targetSdkVersion="33" />
10
11    <uses-permission android:name="android.permission.VIBRATE" />
11-->src\main\AndroidManifest.xml:3:5-66
11-->src\main\AndroidManifest.xml:3:22-63
12
13    <!-- Although the *SdkVersion is captured in gradle build files, this is required for non gradle builds -->
14    <!-- <uses-sdk android:minSdkVersion="14" /> -->
15    <uses-permission android:name="android.permission.ACCESS_NETWORK_STATE" />
15-->[com.google.firebase:firebase-firestore:24.0.0] AndroidManifest.xml:13:5-79
15-->[com.google.firebase:firebase-firestore:24.0.0] AndroidManifest.xml:13:22-76
16    <uses-permission android:name="android.permission.INTERNET" />
16-->[com.google.firebase:firebase-firestore:24.0.0] AndroidManifest.xml:14:5-67
16-->[com.google.firebase:firebase-firestore:24.0.0] AndroidManifest.xml:14:22-64
17
18    <application
18-->src\main\AndroidManifest.xml:4:5-20:19
19        android:allowBackup="true"
19-->src\main\AndroidManifest.xml:5:9-35
20        android:appComponentFactory="androidx.core.app.CoreComponentFactory"
20-->[androidx.core:core:1.5.0] AndroidManifest.xml:24:18-86
21        android:debuggable="true"
22        android:exported="true"
22-->src\main\AndroidManifest.xml:8:9-32
23        android:extractNativeLibs="true"
24        android:icon="@mipmap/ic_launcher"
24-->src\main\AndroidManifest.xml:6:9-43
25        android:label="@string/app_name"
25-->src\main\AndroidManifest.xml:7:9-41
26        android:roundIcon="@mipmap/ic_launcher_round"
26-->src\main\AndroidManifest.xml:9:9-54
27        android:supportsRtl="true"
27-->src\main\AndroidManifest.xml:10:9-35
28        android:testOnly="true"
29        android:theme="@style/AppTheme" >
29-->src\main\AndroidManifest.xml:11:9-40
30        <activity
30-->src\main\AndroidManifest.xml:12:9-19:20
31            android:name="com.projects.enzoftware.metalball.MetalBall"
31-->src\main\AndroidManifest.xml:12:19-44
32            android:exported="true" >
32-->src\main\AndroidManifest.xml:13:13-36
33            <intent-filter>
33-->src\main\AndroidManifest.xml:14:13-18:29
34                <action android:name="android.intent.action.MAIN" />
34-->src\main\AndroidManifest.xml:15:17-69
34-->src\main\AndroidManifest.xml:15:25-66
35
36                <category android:name="android.intent.category.LAUNCHER" />
36-->src\main\AndroidManifest.xml:17:17-77
36-->src\main\AndroidManifest.xml:17:27-74
37            </intent-filter>
38        </activity>
39
40        <service
40-->[com.google.firebase:firebase-firestore:24.0.0] AndroidManifest.xml:17:9-23:19
41            android:name="com.google.firebase.components.ComponentDiscoveryService"
41-->[com.google.firebase:firebase-firestore:24.0.0] AndroidManifest.xml:18:13-84
42            android:directBootAware="true"
42-->[com.google.firebase:firebase-common:20.0.0] AndroidManifest.xml:35:13-43
43            android:exported="false" >
43-->[com.google.firebase:firebase-firestore:24.0.0] AndroidManifest.xml:19:13-37
44            <meta-data
44-->[com.google.firebase:firebase-firestore:24.0.0] AndroidManifest.xml:20:13-22:85
45                android:name="com.google.firebase.components:com.google.firebase.firestore.FirestoreRegistrar"
45-->[com.google.firebase:firebase-firestore:24.0.0] AndroidManifest.xml:21:17-111
46                android:value="com.google.firebase.components.ComponentRegistrar" />
46-->[com.google.firebase:firebase-firestore:24.0.0] AndroidManifest.xml:22:17-82
47        </service>
48
49        <provider
49-->[com.google.firebase:firebase-common:20.0.0] AndroidManifest.xml:26:9-31:39
50            android:name="com.google.firebase.provider.FirebaseInitProvider"
50-->[com.google.firebase:firebase-common:20.0.0] AndroidManifest.xml:27:13-77
51            android:authorities="com.projects.enzoftware.metalball.firebaseinitprovider"
51-->[com.google.firebase:firebase-common:20.0.0] AndroidManifest.xml:28:13-72
52            android:directBootAware="true"
52-->[com.google.firebase:firebase-common:20.0.0] AndroidManifest.xml:29:13-43
53            android:exported="false"
53-->[com.google.firebase:firebase-common:20.0.0] AndroidManifest.xml:30:13-37
54            android:initOrder="100" />
54-->[com.google.firebase:firebase-common:20.0.0] AndroidManifest.xml:31:13-36
55
56        <activity
56-->[com.google.android.gms:play-services-base:17.1.0] AndroidManifest.xml:23:9-26:75
57            android:name="com.google.android.gms.common.api.GoogleApiActivity"
57-->[com.google.android.gms:play-services-base:17.1.0] AndroidManifest.xml:24:13-79
58            android:exported="false"
58-->[com.google.android.gms:play-services-base:17.1.0] AndroidManifest.xml:25:13-37
59            android:theme="@android:style/Theme.Translucent.NoTitleBar" />
59-->[com.google.android.gms:play-services-base:17.1.0] AndroidManifest.xml:26:13-72
60
61        <meta-data
61-->[com.google.android.gms:play-services-basement:17.0.0] AndroidManifest.xml:23:9-25:69
62            android:name="com.google.android.gms.version"
62-->[com.google.android.gms:play-services-basement:17.0.0] AndroidManifest.xml:24:13-58
63            android:value="@integer/google_play_services_version" />
63-->[com.google.android.gms:play-services-basement:17.0.0] AndroidManifest.xml:25:13-66
64    </application>
65
66</manifest>